============================================================
  Generated by:           Encounter(R) RTL Compiler RC14.13 - v14.10-s027_1
  Generated on:           Oct 10 2023  03:31:42 pm
  Module:                 vehicleControl
  Technology library:     NanGate_15nm_OCL revision 1.0
  Operating conditions:   worst_low (balanced_tree)
  Wireload mode:          enclosed
  Area mode:              timing library
============================================================

                            
   Gate    Instances  Area        Library       
------------------------------------------------
AOI21_X1           4  1.180    NanGate_15nm_OCL 
AOI22_X1           1  0.344    NanGate_15nm_OCL 
DFFSNQ_X1          3  3.834    NanGate_15nm_OCL 
INV_X1             3  0.442    NanGate_15nm_OCL 
NAND2_X1           1  0.197    NanGate_15nm_OCL 
NOR2_X1            2  0.393    NanGate_15nm_OCL 
OAI22_X1           1  0.344    NanGate_15nm_OCL 
OR2_X1             1  0.295    NanGate_15nm_OCL 
------------------------------------------------
total             16  7.029                     


                                  
   Type    Instances  Area Area % 
----------------------------------
sequential         3 3.834   54.5 
inverter           3 0.442    6.3 
logic             10 2.753   39.2 
----------------------------------
total             16 7.029  100.0 

